<?xml version="1.0" encoding="UTF-8"?>
<!-- Generated by org.testng.reporters.JUnitReportReporter -->
<testsuite hostname="LAPTOP-4MC0EVH3" failures="0" tests="3" name="pageObjects.Home" time="9.171" errors="0" timestamp="2023-05-21T10:35:09 IST" skipped="0">
  <testcase classname="pageObjects.Home" name="registerWeatherStationWithoutApiKey" time="6.106"/>
  <system-out/>
  <testcase classname="pageObjects.Home" name="registerTwoWeatherStations" time="2.044"/>
  <system-out/>
  <testcase classname="pageObjects.Home" name="verifyRegisteredStations" time="1.021"/>
  <system-out/>
</testsuite> <!-- pageObjects.Home -->
