<?xml version="1.0" encoding="UTF-8"?>
<!-- Generated by org.testng.reporters.JUnitReportReporter -->
<testsuite hostname="LAPTOP-4MC0EVH3" failures="0" tests="1" name="pageObjects.DiffWaysToCreatePostRequestBody" time="7.246" errors="0" timestamp="2023-05-20T22:48:15 IST" skipped="0">
  <testcase classname="pageObjects.DiffWaysToCreatePostRequestBody" name="testPostusingExternalJsonFile" time="7.246"/>
  <system-out/>
</testsuite> <!-- pageObjects.DiffWaysToCreatePostRequestBody -->
